DATE: 2024-05-29 14:24:41,299 INFO: We4not, welcome to EyeTerminal
DATE: 2024-05-29 14:24:44,736 INFO: We4not: system
DATE: 2024-05-29 14:24:44,736 INFO: [96m                            .oodMMMM
DATE: 2024-05-29 14:24:44,736 INFO:                    .oodMMMMMMMMMMMMM
DATE: 2024-05-29 14:24:44,736 INFO:        ..oodMMM  MMMMMMMMMMMMMMMMMMM
DATE: 2024-05-29 14:24:44,736 INFO:  oodMMMMMMMMMMM  MMMMMMMMMMMMMMMMMMM
DATE: 2024-05-29 14:24:44,736 INFO:  MMMMMMMMMMMMMM  MMMMMMMMMMMMMMMMMMM
DATE: 2024-05-29 14:24:44,736 INFO:  MMMMMMMMMMMMMM  MMMMMMMMMMMMMMMMMMM
DATE: 2024-05-29 14:24:44,736 INFO:  MMMMMMMMMMMMMM  MMMMMMMMMMMMMMMMMMM
DATE: 2024-05-29 14:24:44,736 INFO:  MMMMMMMMMMMMMM  MMMMMMMMMMMMMMMMMMM
DATE: 2024-05-29 14:24:44,736 INFO:  MMMMMMMMMMMMMM  MMMMMMMMMMMMMMMMMMM
DATE: 2024-05-29 14:24:44,736 INFO:                                     
DATE: 2024-05-29 14:24:44,736 INFO:  MMMMMMMMMMMMMM  MMMMMMMMMMMMMMMMMMM
DATE: 2024-05-29 14:24:44,736 INFO:  MMMMMMMMMMMMMM  MMMMMMMMMMMMMMMMMMM
DATE: 2024-05-29 14:24:44,736 INFO:  MMMMMMMMMMMMMM  MMMMMMMMMMMMMMMMMMM
DATE: 2024-05-29 14:24:44,736 INFO:  MMMMMMMMMMMMMM  MMMMMMMMMMMMMMMMMMM
DATE: 2024-05-29 14:24:44,736 INFO:  MMMMMMMMMMMMMM  MMMMMMMMMMMMMMMMMMM
DATE: 2024-05-29 14:24:44,736 INFO:  `^^^^^^MMMMMMM  MMMMMMMMMMMMMMMMMMM
DATE: 2024-05-29 14:24:44,736 INFO:        ````^^^^  ^^MMMMMMMMMMMMMMMMM
DATE: 2024-05-29 14:24:44,736 INFO:                       ````^^^^^^MMMM
DATE: 2024-05-29 14:24:44,736 INFO: System: Windows
CPU Name: Intel64 Family 6 Model 58 Stepping 9, GenuineIntel
CPU Cores: 4

DATE: 2024-05-29 14:24:52,597 INFO: We4not: ls
DATE: 2024-05-29 14:24:52,628 DEBUG: EyeTerminal: calling a command >> dir
DATE: 2024-05-29 14:24:55,441 INFO: We4not: clear
DATE: 2024-05-29 14:24:57,254 INFO: We4not: help
DATE: 2024-05-29 14:24:58,817 INFO: We4not: read
DATE: 2024-05-29 14:24:58,817 ERROR: read Command not found
DATE: 2024-05-29 14:25:02,973 INFO: We4not: logtest
DATE: 2024-05-29 14:25:02,973 DEBUG: A DEBUG Message
DATE: 2024-05-29 14:25:02,973 INFO: An INFO
DATE: 2024-05-29 14:25:02,973 WARNING: A WARNING
DATE: 2024-05-29 14:25:02,973 ERROR: An ERROR
DATE: 2024-05-29 14:25:02,973 CRITICAL: A message of CRITICAL severity
DATE: 2024-05-29 14:25:51,935 INFO: We4not: readfile l
DATE: 2024-05-29 14:25:51,935 ERROR: Error! File doesn't exists
DATE: 2024-05-29 14:25:52,747 INFO: We4not: exit
