DATE: 2024-07-08 20:26:17,787 INFO: We4not, welcome to EyeTerminal
DATE: 2024-07-08 20:26:20,616 INFO: We4not: ls
DATE: 2024-07-08 20:26:20,631 DEBUG: EyeTerminal: calling a command >> dir
DATE: 2024-07-08 20:26:22,850 INFO: We4not: help
DATE: 2024-07-08 20:26:24,773 INFO: We4not: about
DATE: 2024-07-08 20:26:27,367 INFO: We4not: system
DATE: 2024-07-08 20:26:27,382 INFO: [96m                            .oodMMMM
DATE: 2024-07-08 20:26:27,382 INFO:                    .oodMMMMMMMMMMMMM
DATE: 2024-07-08 20:26:27,382 INFO:        ..oodMMM  MMMMMMMMMMMMMMMMMMM
DATE: 2024-07-08 20:26:27,382 INFO:  oodMMMMMMMMMMM  MMMMMMMMMMMMMMMMMMM
DATE: 2024-07-08 20:26:27,382 INFO:  MMMMMMMMMMMMMM  MMMMMMMMMMMMMMMMMMM
DATE: 2024-07-08 20:26:27,382 INFO:  MMMMMMMMMMMMMM  MMMMMMMMMMMMMMMMMMM
DATE: 2024-07-08 20:26:27,382 INFO:  MMMMMMMMMMMMMM  MMMMMMMMMMMMMMMMMMM
DATE: 2024-07-08 20:26:27,382 INFO:  MMMMMMMMMMMMMM  MMMMMMMMMMMMMMMMMMM
DATE: 2024-07-08 20:26:27,382 INFO:  MMMMMMMMMMMMMM  MMMMMMMMMMMMMMMMMMM
DATE: 2024-07-08 20:26:27,382 INFO:                                     
DATE: 2024-07-08 20:26:27,382 INFO:  MMMMMMMMMMMMMM  MMMMMMMMMMMMMMMMMMM
DATE: 2024-07-08 20:26:27,382 INFO:  MMMMMMMMMMMMMM  MMMMMMMMMMMMMMMMMMM
DATE: 2024-07-08 20:26:27,382 INFO:  MMMMMMMMMMMMMM  MMMMMMMMMMMMMMMMMMM
DATE: 2024-07-08 20:26:27,382 INFO:  MMMMMMMMMMMMMM  MMMMMMMMMMMMMMMMMMM
DATE: 2024-07-08 20:26:27,382 INFO:  MMMMMMMMMMMMMM  MMMMMMMMMMMMMMMMMMM
DATE: 2024-07-08 20:26:27,382 INFO:  `^^^^^^MMMMMMM  MMMMMMMMMMMMMMMMMMM
DATE: 2024-07-08 20:26:27,382 INFO:        ````^^^^  ^^MMMMMMMMMMMMMMMMM
DATE: 2024-07-08 20:26:27,382 INFO:                       ````^^^^^^MMMM
DATE: 2024-07-08 20:26:27,382 INFO: System: Windows
CPU Name: Intel64 Family 6 Model 58 Stepping 9, GenuineIntel
CPU Cores: 4

DATE: 2024-07-08 20:26:35,570 INFO: We4not: python hello.py
DATE: 2024-07-08 20:26:35,727 DEBUG: EyeTerminal: python  hello.py
DATE: 2024-07-08 20:26:38,774 INFO: We4not: python
DATE: 2024-07-08 20:26:47,869 DEBUG: EyeTerminal: python 
DATE: 2024-07-08 20:26:49,635 INFO: We4not: help
DATE: 2024-07-08 20:26:51,541 INFO: We4not: login
DATE: 2024-07-08 20:26:51,557 INFO: We4not
DATE: 2024-07-08 20:27:01,308 INFO: We4not: ls
DATE: 2024-07-08 20:27:01,324 DEBUG: EyeTerminal: calling a command >> dir
DATE: 2024-07-08 20:27:05,434 INFO: We4not: readfile config.cfg
DATE: 2024-07-08 20:27:05,434 INFO: 
DATE: 2024-07-08 20:32:56,802 INFO: We4not: help
DATE: 2024-07-08 20:33:00,115 INFO: We4not: logtest
DATE: 2024-07-08 20:33:00,115 DEBUG: A DEBUG Message
DATE: 2024-07-08 20:33:00,115 INFO: An INFO
DATE: 2024-07-08 20:33:00,115 WARNING: A WARNING
DATE: 2024-07-08 20:33:00,115 ERROR: An ERROR
DATE: 2024-07-08 20:33:00,115 CRITICAL: A message of CRITICAL severity
DATE: 2024-07-08 20:33:34,369 INFO: We4not: ;
DATE: 2024-07-08 20:33:34,369 ERROR: ; Command not found
DATE: 2024-07-08 20:33:38,823 INFO: We4not: exit
